<?xml version="1.0" encoding="UTF-8"?>
<!-- Generated by org.testng.reporters.JUnitReportReporter -->
<testsuite hostname="KetMayu" failures="0" tests="2" name="Banking.com.AcountOpening" time="8.440" errors="0" timestamp="2023-06-29T23:38:44 IST" skipped="0">
  <testcase classname="Banking.com.AcountOpening" name="launchUrl" time="7.598"/>
  <testcase classname="Banking.com.AcountOpening" name="accountOpening" time="0.842"/>
</testsuite> <!-- Banking.com.AcountOpening -->
