<?xml version="1.0" encoding="UTF-8"?>
<!-- Generated by org.testng.reporters.JUnitReportReporter -->
<testsuite hostname="KetMayu" failures="0" tests="1" name="com.commons.Addition1" time="20.456" errors="0" timestamp="2023-07-09T17:51:32 IST" skipped="0">
  <testcase classname="com.commons.Addition1" name="launchurl" time="20.456"/>
</testsuite> <!-- com.commons.Addition1 -->
