<?xml version="1.0" encoding="UTF-8"?>
<!-- Generated by org.testng.reporters.JUnitReportReporter -->
<testsuite hostname="KetMayu" failures="0" tests="5" name="com.Demo.login.LoginTests" time="0.000" errors="0" timestamp="2023-07-16T18:41:24 IST" skipped="5">
  <testcase classname="com.Demo.login.LoginTests" name="TE_007" time="0.000">
    <skipped/>
  </testcase> <!-- TE_007 -->
  <testcase classname="com.Demo.login.LoginTests" name="TE_001">
    <skipped/>
  </testcase> <!-- TE_001 -->
  <testcase classname="com.Demo.login.LoginTests" name="TE_002">
    <skipped/>
  </testcase> <!-- TE_002 -->
  <testcase classname="com.Demo.login.LoginTests" name="TE_003">
    <skipped/>
  </testcase> <!-- TE_003 -->
  <testcase classname="com.Demo.login.LoginTests" name="TE__004">
    <skipped/>
  </testcase> <!-- TE__004 -->
</testsuite> <!-- com.Demo.login.LoginTests -->
