<?xml version="1.0" encoding="UTF-8"?>
<!-- Generated by org.testng.reporters.JUnitReportReporter -->
<testsuite hostname="KetMayu" failures="0" tests="2" name="Banking.com.FundTransfer" time="8.374" errors="0" timestamp="2023-07-06T23:28:56 IST" skipped="0">
  <testcase classname="Banking.com.FundTransfer" name="launchURL" time="7.830"/>
  <testcase classname="Banking.com.FundTransfer" name="transferFund" time="0.544"/>
</testsuite> <!-- Banking.com.FundTransfer -->
