<?xml version="1.0" encoding="UTF-8"?>
<!-- Generated by org.testng.reporters.JUnitReportReporter -->
<testsuite hostname="KetMayu" failures="0" tests="1" name="com.banking.baseclass.Baseclass" time="1.922" errors="0" timestamp="2023-07-10T09:21:20 IST" skipped="0">
  <testcase classname="com.banking.baseclass.Baseclass" name="main" time="1.922"/>
</testsuite> <!-- com.banking.baseclass.Baseclass -->
