<?xml version="1.0" encoding="UTF-8"?>
<!-- Generated by org.testng.reporters.JUnitReportReporter -->
<testsuite hostname="KetMayu" failures="0" tests="5" name="BookAppointment.MyAppointment" time="19.154" errors="0" timestamp="2023-06-29T15:38:01 IST" skipped="4">
  <testcase classname="BookAppointment.MyAppointment" name="guru" time="19.154"/>
  <testcase classname="BookAppointment.MyAppointment" name="selectLocation">
    <skipped/>
  </testcase> <!-- selectLocation -->
  <testcase classname="BookAppointment.MyAppointment" name="Logout">
    <skipped/>
  </testcase> <!-- Logout -->
  <testcase classname="BookAppointment.MyAppointment" name="bookAppointment">
    <skipped/>
  </testcase> <!-- bookAppointment -->
  <testcase classname="BookAppointment.MyAppointment" name="launchUrl">
    <skipped/>
  </testcase> <!-- launchUrl -->
</testsuite> <!-- BookAppointment.MyAppointment -->
